2026-04-10 08:04:17 | INFO     | twitch_enrich | 📥 Loading output\twitch_full_panel_cleaned.csv
2026-04-10 08:04:17 | WARNING  | twitch_enrich | TWITCH_CLIENT_ID / TWITCH_CLIENT_SECRET missing; skipping created enrichment
2026-04-10 08:04:18 | INFO     | twitch_enrich | 📊 Game enrichment: 116592 rows to fetch, 0 already enriched (skipped)
2026-04-10 08:04:18 | INFO     | twitch_enrich |    unique SullyGnome game jobs=116592
2026-04-10 08:05:02 | INFO     | twitch_enrich |    game batch 1/234 done
2026-04-10 08:05:47 | INFO     | twitch_enrich |    game batch 2/234 done
2026-04-10 08:06:55 | INFO     | twitch_enrich | 📥 Loading output\twitch_full_panel_cleaned.csv
2026-04-10 08:06:56 | WARNING  | twitch_enrich | TWITCH_CLIENT_ID / TWITCH_CLIENT_SECRET missing; skipping created enrichment
2026-04-10 08:06:57 | INFO     | twitch_enrich | 📊 Game enrichment: 116592 rows to fetch, 0 already enriched (skipped)
2026-04-10 08:06:57 | INFO     | twitch_enrich |    unique SullyGnome game jobs=116592
2026-04-10 08:07:00 | INFO     | twitch_enrich |    game batch 1/234 done
2026-04-10 08:09:24 | INFO     | twitch_enrich | 📥 Loading output\twitch_full_panel_cleaned.csv
2026-04-10 08:09:25 | INFO     | twitch_enrich | 🎮 Resolving Twitch account creation dates...
2026-04-10 08:09:27 | INFO     | twitch_enrich | ✅ Twitch auth success
2026-04-10 08:09:27 | INFO     | twitch_enrich |    unique logins=2653
2026-04-10 08:09:28 | INFO     | twitch_enrich |    batch 1 done (resolved=98)
2026-04-10 08:09:30 | INFO     | twitch_enrich |    batch 5 done (resolved=493)
2026-04-10 08:09:34 | INFO     | twitch_enrich |    batch 10 done (resolved=985)
2026-04-10 08:09:39 | INFO     | twitch_enrich |    batch 15 done (resolved=1481)
2026-04-10 08:09:43 | INFO     | twitch_enrich |    batch 20 done (resolved=1972)
2026-04-10 08:09:48 | INFO     | twitch_enrich |    batch 25 done (resolved=2324)
2026-04-10 08:09:53 | INFO     | twitch_enrich | ✅ Filled created_at for 111637 rows
2026-04-10 08:09:54 | INFO     | twitch_enrich | 📊 Game enrichment: 116592 rows to fetch, 0 already enriched (skipped)
2026-04-10 08:09:54 | INFO     | twitch_enrich |    unique SullyGnome game jobs=116592
2026-04-10 08:10:37 | INFO     | twitch_enrich |    game batch 1/234 done
2026-04-10 08:11:14 | INFO     | twitch_enrich |    game batch 2/234 done
2026-04-10 08:11:57 | INFO     | twitch_enrich |    game batch 3/234 done
2026-04-10 08:12:41 | INFO     | twitch_enrich |    game batch 4/234 done
2026-04-10 08:13:31 | INFO     | twitch_enrich |    game batch 5/234 done
2026-04-10 08:14:14 | INFO     | twitch_enrich |    game batch 6/234 done
2026-04-10 08:14:59 | INFO     | twitch_enrich |    game batch 7/234 done
2026-04-10 08:15:43 | INFO     | twitch_enrich |    game batch 8/234 done
2026-04-10 08:16:32 | INFO     | twitch_enrich |    game batch 9/234 done
2026-04-10 08:17:21 | INFO     | twitch_enrich |    game batch 10/234 done
2026-04-10 08:18:03 | INFO     | twitch_enrich |    game batch 11/234 done
2026-04-10 08:18:48 | INFO     | twitch_enrich |    game batch 12/234 done
2026-04-10 08:19:34 | INFO     | twitch_enrich |    game batch 13/234 done
2026-04-10 08:20:17 | INFO     | twitch_enrich |    game batch 14/234 done
2026-04-10 08:21:00 | INFO     | twitch_enrich |    game batch 15/234 done
2026-04-10 08:21:52 | INFO     | twitch_enrich |    game batch 16/234 done
2026-04-10 08:22:38 | INFO     | twitch_enrich |    game batch 17/234 done
2026-04-10 08:23:26 | INFO     | twitch_enrich |    game batch 18/234 done
2026-04-10 08:24:13 | INFO     | twitch_enrich |    game batch 19/234 done
2026-04-10 08:24:56 | INFO     | twitch_enrich |    game batch 20/234 done
2026-04-10 08:25:38 | INFO     | twitch_enrich |    game batch 21/234 done
2026-04-10 08:26:20 | INFO     | twitch_enrich |    game batch 22/234 done
2026-04-10 08:27:06 | INFO     | twitch_enrich |    game batch 23/234 done
2026-04-10 08:27:48 | INFO     | twitch_enrich |    game batch 24/234 done
2026-04-10 08:28:31 | INFO     | twitch_enrich |    game batch 25/234 done
2026-04-10 08:29:21 | INFO     | twitch_enrich |    game batch 26/234 done
2026-04-10 08:30:03 | INFO     | twitch_enrich |    game batch 27/234 done
2026-04-10 08:30:46 | INFO     | twitch_enrich |    game batch 28/234 done
2026-04-10 08:31:28 | INFO     | twitch_enrich |    game batch 29/234 done
2026-04-10 08:32:18 | INFO     | twitch_enrich |    game batch 30/234 done
2026-04-10 08:33:00 | INFO     | twitch_enrich |    game batch 31/234 done
2026-04-10 08:35:36 | INFO     | twitch_enrich |    game batch 32/234 done
2026-04-10 08:36:20 | INFO     | twitch_enrich |    game batch 33/234 done
2026-04-10 08:37:03 | INFO     | twitch_enrich |    game batch 34/234 done
2026-04-10 08:37:48 | INFO     | twitch_enrich |    game batch 35/234 done
2026-04-10 08:38:29 | INFO     | twitch_enrich |    game batch 36/234 done
2026-04-10 08:39:14 | INFO     | twitch_enrich |    game batch 37/234 done
2026-04-10 08:39:54 | INFO     | twitch_enrich |    game batch 38/234 done
2026-04-10 08:40:36 | INFO     | twitch_enrich |    game batch 39/234 done
2026-04-10 08:41:16 | INFO     | twitch_enrich |    game batch 40/234 done
2026-04-10 08:41:59 | INFO     | twitch_enrich |    game batch 41/234 done
2026-04-10 08:42:40 | INFO     | twitch_enrich |    game batch 42/234 done
2026-04-10 08:43:22 | INFO     | twitch_enrich |    game batch 43/234 done
2026-04-10 08:44:02 | INFO     | twitch_enrich |    game batch 44/234 done
2026-04-10 08:44:43 | INFO     | twitch_enrich |    game batch 45/234 done
2026-04-10 08:45:25 | INFO     | twitch_enrich |    game batch 46/234 done
2026-04-10 08:46:10 | INFO     | twitch_enrich |    game batch 47/234 done
2026-04-10 08:46:56 | INFO     | twitch_enrich |    game batch 48/234 done
2026-04-10 08:47:45 | INFO     | twitch_enrich |    game batch 49/234 done
2026-04-10 08:48:28 | INFO     | twitch_enrich |    game batch 50/234 done
2026-04-10 08:49:13 | INFO     | twitch_enrich |    game batch 51/234 done
2026-04-10 08:49:57 | INFO     | twitch_enrich |    game batch 52/234 done
2026-04-10 08:50:53 | INFO     | twitch_enrich |    game batch 53/234 done
2026-04-10 08:51:38 | INFO     | twitch_enrich |    game batch 54/234 done
2026-04-10 08:52:27 | INFO     | twitch_enrich |    game batch 55/234 done
2026-04-10 08:53:17 | INFO     | twitch_enrich |    game batch 56/234 done
2026-04-10 08:54:05 | INFO     | twitch_enrich |    game batch 57/234 done
2026-04-10 08:54:51 | INFO     | twitch_enrich |    game batch 58/234 done
2026-04-10 08:55:32 | INFO     | twitch_enrich |    game batch 59/234 done
2026-04-10 08:56:17 | INFO     | twitch_enrich |    game batch 60/234 done
2026-04-10 08:57:07 | INFO     | twitch_enrich |    game batch 61/234 done
2026-04-10 08:57:51 | INFO     | twitch_enrich |    game batch 62/234 done
2026-04-10 08:58:34 | INFO     | twitch_enrich |    game batch 63/234 done
2026-04-10 08:59:29 | INFO     | twitch_enrich |    game batch 64/234 done
2026-04-10 09:00:12 | INFO     | twitch_enrich |    game batch 65/234 done
2026-04-10 09:00:59 | INFO     | twitch_enrich |    game batch 66/234 done
2026-04-10 09:01:40 | INFO     | twitch_enrich |    game batch 67/234 done
2026-04-10 09:02:42 | INFO     | twitch_enrich |    game batch 68/234 done
2026-04-10 09:03:26 | INFO     | twitch_enrich |    game batch 69/234 done
2026-04-10 09:04:15 | INFO     | twitch_enrich |    game batch 70/234 done
2026-04-10 09:04:59 | INFO     | twitch_enrich |    game batch 71/234 done
2026-04-10 09:05:41 | INFO     | twitch_enrich |    game batch 72/234 done
2026-04-10 09:06:27 | INFO     | twitch_enrich |    game batch 73/234 done
2026-04-10 09:07:14 | INFO     | twitch_enrich |    game batch 74/234 done
2026-04-10 09:08:02 | INFO     | twitch_enrich |    game batch 75/234 done
2026-04-10 09:08:47 | INFO     | twitch_enrich |    game batch 76/234 done
2026-04-10 09:09:33 | INFO     | twitch_enrich |    game batch 77/234 done
2026-04-10 09:10:22 | INFO     | twitch_enrich |    game batch 78/234 done
2026-04-10 09:11:05 | INFO     | twitch_enrich |    game batch 79/234 done
2026-04-10 09:16:16 | INFO     | twitch_enrich |    game batch 80/234 done
2026-04-10 09:17:12 | INFO     | twitch_enrich |    game batch 81/234 done
2026-04-10 09:18:20 | INFO     | twitch_enrich |    game batch 82/234 done
2026-04-10 09:19:14 | INFO     | twitch_enrich |    game batch 83/234 done
2026-04-10 09:20:01 | INFO     | twitch_enrich |    game batch 84/234 done
2026-04-10 09:20:46 | INFO     | twitch_enrich |    game batch 85/234 done
2026-04-10 09:21:31 | INFO     | twitch_enrich |    game batch 86/234 done
2026-04-10 09:22:26 | INFO     | twitch_enrich |    game batch 87/234 done
2026-04-10 09:23:34 | INFO     | twitch_enrich |    game batch 88/234 done
2026-04-10 09:24:31 | INFO     | twitch_enrich |    game batch 89/234 done
2026-04-10 09:26:29 | INFO     | twitch_enrich |    game batch 90/234 done
2026-04-10 09:27:22 | INFO     | twitch_enrich |    game batch 91/234 done
2026-04-10 09:28:22 | INFO     | twitch_enrich |    game batch 92/234 done
2026-04-10 09:29:20 | INFO     | twitch_enrich |    game batch 93/234 done
2026-04-10 09:30:07 | INFO     | twitch_enrich |    game batch 94/234 done
2026-04-10 09:30:59 | INFO     | twitch_enrich |    game batch 95/234 done
2026-04-10 09:31:53 | INFO     | twitch_enrich |    game batch 96/234 done
2026-04-10 09:32:43 | INFO     | twitch_enrich |    game batch 97/234 done
2026-04-10 09:33:29 | INFO     | twitch_enrich |    game batch 98/234 done
2026-04-10 09:34:20 | INFO     | twitch_enrich |    game batch 99/234 done
2026-04-10 09:35:10 | INFO     | twitch_enrich |    game batch 100/234 done
2026-04-10 09:35:57 | INFO     | twitch_enrich |    game batch 101/234 done
2026-04-10 09:36:48 | INFO     | twitch_enrich |    game batch 102/234 done
2026-04-10 09:37:33 | INFO     | twitch_enrich |    game batch 103/234 done
2026-04-10 09:38:27 | INFO     | twitch_enrich |    game batch 104/234 done
2026-04-10 09:39:13 | INFO     | twitch_enrich |    game batch 105/234 done
2026-04-10 09:40:27 | INFO     | twitch_enrich |    game batch 106/234 done
2026-04-10 09:41:22 | INFO     | twitch_enrich |    game batch 107/234 done
2026-04-10 09:42:11 | INFO     | twitch_enrich |    game batch 108/234 done
2026-04-10 09:43:01 | INFO     | twitch_enrich |    game batch 109/234 done
2026-04-10 09:44:02 | INFO     | twitch_enrich |    game batch 110/234 done
2026-04-10 09:45:01 | INFO     | twitch_enrich |    game batch 111/234 done
2026-04-10 09:45:59 | INFO     | twitch_enrich |    game batch 112/234 done
2026-04-10 09:46:53 | INFO     | twitch_enrich |    game batch 113/234 done
2026-04-10 09:47:45 | INFO     | twitch_enrich |    game batch 114/234 done
2026-04-10 09:48:37 | INFO     | twitch_enrich |    game batch 115/234 done
2026-04-10 09:49:20 | INFO     | twitch_enrich |    game batch 116/234 done
2026-04-10 09:50:09 | INFO     | twitch_enrich |    game batch 117/234 done
2026-04-10 09:51:25 | INFO     | twitch_enrich |    game batch 118/234 done
2026-04-10 09:52:17 | INFO     | twitch_enrich |    game batch 119/234 done
2026-04-10 09:53:15 | INFO     | twitch_enrich |    game batch 120/234 done
2026-04-10 09:54:04 | INFO     | twitch_enrich |    game batch 121/234 done
2026-04-10 09:54:58 | INFO     | twitch_enrich |    game batch 122/234 done
2026-04-10 09:55:57 | INFO     | twitch_enrich |    game batch 123/234 done
2026-04-10 09:58:09 | INFO     | twitch_enrich |    game batch 124/234 done
2026-04-10 09:59:00 | INFO     | twitch_enrich |    game batch 125/234 done
2026-04-10 10:01:58 | INFO     | twitch_enrich |    game batch 126/234 done
2026-04-10 10:02:54 | INFO     | twitch_enrich |    game batch 127/234 done
2026-04-10 10:03:44 | INFO     | twitch_enrich |    game batch 128/234 done
2026-04-10 10:04:31 | INFO     | twitch_enrich |    game batch 129/234 done
2026-04-10 10:05:18 | INFO     | twitch_enrich |    game batch 130/234 done
2026-04-10 10:06:01 | INFO     | twitch_enrich |    game batch 131/234 done
2026-04-10 10:06:47 | INFO     | twitch_enrich |    game batch 132/234 done
2026-04-10 10:07:33 | INFO     | twitch_enrich |    game batch 133/234 done
2026-04-10 10:08:15 | INFO     | twitch_enrich |    game batch 134/234 done
2026-04-10 10:09:01 | INFO     | twitch_enrich |    game batch 135/234 done
2026-04-10 10:10:00 | INFO     | twitch_enrich |    game batch 136/234 done
2026-04-10 10:10:50 | INFO     | twitch_enrich |    game batch 137/234 done
2026-04-10 10:12:05 | INFO     | twitch_enrich |    game batch 138/234 done
2026-04-10 10:12:57 | INFO     | twitch_enrich |    game batch 139/234 done
2026-04-10 10:13:43 | INFO     | twitch_enrich |    game batch 140/234 done
2026-04-10 10:14:34 | INFO     | twitch_enrich |    game batch 141/234 done
2026-04-10 10:15:18 | INFO     | twitch_enrich |    game batch 142/234 done
2026-04-10 10:16:16 | INFO     | twitch_enrich |    game batch 143/234 done
2026-04-10 10:17:02 | INFO     | twitch_enrich |    game batch 144/234 done
2026-04-10 10:18:03 | INFO     | twitch_enrich |    game batch 145/234 done
2026-04-10 10:19:01 | INFO     | twitch_enrich |    game batch 146/234 done
2026-04-10 10:19:52 | INFO     | twitch_enrich |    game batch 147/234 done
2026-04-10 10:20:39 | INFO     | twitch_enrich |    game batch 148/234 done
2026-04-10 10:21:26 | INFO     | twitch_enrich |    game batch 149/234 done
2026-04-10 10:22:15 | INFO     | twitch_enrich |    game batch 150/234 done
2026-04-10 10:23:06 | INFO     | twitch_enrich |    game batch 151/234 done
2026-04-10 10:23:50 | INFO     | twitch_enrich |    game batch 152/234 done
2026-04-10 10:24:32 | INFO     | twitch_enrich |    game batch 153/234 done
2026-04-10 10:25:20 | INFO     | twitch_enrich |    game batch 154/234 done
2026-04-10 10:26:02 | INFO     | twitch_enrich |    game batch 155/234 done
2026-04-10 10:26:44 | INFO     | twitch_enrich |    game batch 156/234 done
2026-04-10 10:27:30 | INFO     | twitch_enrich |    game batch 157/234 done
2026-04-10 10:28:13 | INFO     | twitch_enrich |    game batch 158/234 done
2026-04-10 10:28:59 | INFO     | twitch_enrich |    game batch 159/234 done
2026-04-10 10:29:46 | INFO     | twitch_enrich |    game batch 160/234 done
2026-04-10 10:30:32 | INFO     | twitch_enrich |    game batch 161/234 done
2026-04-10 10:31:15 | INFO     | twitch_enrich |    game batch 162/234 done
2026-04-10 10:31:58 | INFO     | twitch_enrich |    game batch 163/234 done
2026-04-10 10:32:39 | INFO     | twitch_enrich |    game batch 164/234 done
2026-04-10 10:33:23 | INFO     | twitch_enrich |    game batch 165/234 done
2026-04-10 10:34:08 | INFO     | twitch_enrich |    game batch 166/234 done
2026-04-10 10:34:50 | INFO     | twitch_enrich |    game batch 167/234 done
2026-04-10 10:37:17 | INFO     | twitch_enrich |    game batch 168/234 done
2026-04-10 10:39:08 | INFO     | twitch_enrich |    game batch 169/234 done
2026-04-10 10:39:51 | INFO     | twitch_enrich |    game batch 170/234 done
2026-04-10 10:40:33 | INFO     | twitch_enrich |    game batch 171/234 done
2026-04-10 10:41:19 | INFO     | twitch_enrich |    game batch 172/234 done
2026-04-10 10:42:01 | INFO     | twitch_enrich |    game batch 173/234 done
2026-04-10 10:42:46 | INFO     | twitch_enrich |    game batch 174/234 done
2026-04-10 10:43:27 | INFO     | twitch_enrich |    game batch 175/234 done
2026-04-10 10:44:12 | INFO     | twitch_enrich |    game batch 176/234 done
2026-04-10 10:44:52 | INFO     | twitch_enrich |    game batch 177/234 done
2026-04-10 10:45:34 | INFO     | twitch_enrich |    game batch 178/234 done
2026-04-10 10:46:15 | INFO     | twitch_enrich |    game batch 179/234 done
2026-04-10 10:46:56 | INFO     | twitch_enrich |    game batch 180/234 done
2026-04-10 10:47:37 | INFO     | twitch_enrich |    game batch 181/234 done
2026-04-10 10:48:19 | INFO     | twitch_enrich |    game batch 182/234 done
2026-04-10 10:49:00 | INFO     | twitch_enrich |    game batch 183/234 done
2026-04-10 10:49:41 | INFO     | twitch_enrich |    game batch 184/234 done
2026-04-10 10:50:31 | INFO     | twitch_enrich |    game batch 185/234 done
2026-04-10 10:51:14 | INFO     | twitch_enrich |    game batch 186/234 done
2026-04-10 10:52:05 | INFO     | twitch_enrich |    game batch 187/234 done
2026-04-10 10:52:50 | INFO     | twitch_enrich |    game batch 188/234 done
2026-04-10 10:53:38 | INFO     | twitch_enrich |    game batch 189/234 done
2026-04-10 10:54:22 | INFO     | twitch_enrich |    game batch 190/234 done
2026-04-10 10:55:09 | INFO     | twitch_enrich |    game batch 191/234 done
2026-04-10 10:55:52 | INFO     | twitch_enrich |    game batch 192/234 done
2026-04-10 10:57:35 | INFO     | twitch_enrich |    game batch 193/234 done
2026-04-10 10:58:39 | INFO     | twitch_enrich |    game batch 194/234 done
2026-04-10 11:00:32 | INFO     | twitch_enrich |    game batch 195/234 done
2026-04-10 11:01:14 | INFO     | twitch_enrich |    game batch 196/234 done
2026-04-10 11:01:55 | INFO     | twitch_enrich |    game batch 197/234 done
2026-04-10 11:02:37 | INFO     | twitch_enrich |    game batch 198/234 done
2026-04-10 11:03:19 | INFO     | twitch_enrich |    game batch 199/234 done
2026-04-10 11:04:10 | INFO     | twitch_enrich |    game batch 200/234 done
2026-04-10 11:04:59 | INFO     | twitch_enrich |    game batch 201/234 done
2026-04-10 11:05:53 | INFO     | twitch_enrich |    game batch 202/234 done
2026-04-10 11:06:38 | INFO     | twitch_enrich |    game batch 203/234 done
2026-04-10 11:07:20 | INFO     | twitch_enrich |    game batch 204/234 done
2026-04-10 11:08:03 | INFO     | twitch_enrich |    game batch 205/234 done
2026-04-10 11:09:03 | INFO     | twitch_enrich |    game batch 206/234 done
2026-04-10 11:10:12 | INFO     | twitch_enrich |    game batch 207/234 done
2026-04-10 11:10:59 | INFO     | twitch_enrich |    game batch 208/234 done
2026-04-10 11:11:59 | INFO     | twitch_enrich |    game batch 209/234 done
2026-04-10 11:12:44 | INFO     | twitch_enrich |    game batch 210/234 done
2026-04-10 11:13:40 | INFO     | twitch_enrich |    game batch 211/234 done
2026-04-10 11:14:35 | INFO     | twitch_enrich |    game batch 212/234 done
2026-04-10 11:15:17 | INFO     | twitch_enrich |    game batch 213/234 done
2026-04-10 11:15:59 | INFO     | twitch_enrich |    game batch 214/234 done
2026-04-10 11:16:42 | INFO     | twitch_enrich |    game batch 215/234 done
2026-04-10 11:18:00 | INFO     | twitch_enrich |    game batch 216/234 done
2026-04-10 11:18:44 | INFO     | twitch_enrich |    game batch 217/234 done
2026-04-10 11:19:40 | INFO     | twitch_enrich |    game batch 218/234 done
2026-04-10 11:20:35 | INFO     | twitch_enrich |    game batch 219/234 done
2026-04-10 11:21:39 | INFO     | twitch_enrich |    game batch 220/234 done
2026-04-10 11:22:22 | INFO     | twitch_enrich |    game batch 221/234 done
2026-04-10 11:23:07 | INFO     | twitch_enrich |    game batch 222/234 done
2026-04-10 11:23:52 | INFO     | twitch_enrich |    game batch 223/234 done
2026-04-10 11:24:43 | INFO     | twitch_enrich |    game batch 224/234 done
2026-04-10 11:25:36 | INFO     | twitch_enrich |    game batch 225/234 done
2026-04-10 11:26:59 | INFO     | twitch_enrich |    game batch 226/234 done
2026-04-10 11:27:49 | INFO     | twitch_enrich |    game batch 227/234 done
2026-04-10 11:28:48 | INFO     | twitch_enrich |    game batch 228/234 done
2026-04-10 11:29:37 | INFO     | twitch_enrich |    game batch 229/234 done
2026-04-10 11:30:31 | INFO     | twitch_enrich |    game batch 230/234 done
2026-04-10 11:31:20 | INFO     | twitch_enrich |    game batch 231/234 done
2026-04-10 11:32:04 | INFO     | twitch_enrich |    game batch 232/234 done
2026-04-10 11:32:52 | INFO     | twitch_enrich |    game batch 233/234 done
2026-04-10 11:33:00 | INFO     | twitch_enrich |    game batch 234/234 done
2026-04-10 17:40:19 | INFO     | twitch_enrich | 📥 Loading output\twitch_full_panel_cleaned.csv in chunks of 5000
2026-04-10 17:40:19 | INFO     | twitch_enrich | ━━ chunk 1: rows=5000
2026-04-10 17:40:19 | WARNING  | twitch_enrich | TWITCH credentials missing; skipping created enrichment
2026-04-10 17:41:18 | INFO     | twitch_enrich | 📥 Loading output\twitch_full_panel_cleaned.csv in chunks of 5000
2026-04-10 17:41:18 | INFO     | twitch_enrich | ━━ chunk 1: rows=5000
2026-04-10 17:41:19 | INFO     | twitch_enrich | ✅ Twitch auth success
2026-04-10 17:42:24 | INFO     | twitch_enrich |    wrote chunk 1 (out_rows=5000)
2026-04-10 17:42:24 | INFO     | twitch_enrich | ━━ chunk 2: rows=5000
2026-04-10 17:43:30 | INFO     | twitch_enrich |    wrote chunk 2 (out_rows=10000)
2026-04-10 17:43:30 | INFO     | twitch_enrich | ━━ chunk 3: rows=5000
2026-04-10 17:44:41 | INFO     | twitch_enrich |    wrote chunk 3 (out_rows=15000)
2026-04-10 17:44:41 | INFO     | twitch_enrich | ━━ chunk 4: rows=5000
2026-04-10 17:45:45 | INFO     | twitch_enrich |    wrote chunk 4 (out_rows=20000)
2026-04-10 17:45:45 | INFO     | twitch_enrich | ━━ chunk 5: rows=5000
2026-04-10 17:46:48 | INFO     | twitch_enrich |    wrote chunk 5 (out_rows=25000)
2026-04-10 17:46:48 | INFO     | twitch_enrich | ━━ chunk 6: rows=5000
2026-04-10 17:47:53 | INFO     | twitch_enrich |    wrote chunk 6 (out_rows=30000)
2026-04-10 17:47:53 | INFO     | twitch_enrich | ━━ chunk 7: rows=5000
2026-04-10 17:48:56 | INFO     | twitch_enrich |    wrote chunk 7 (out_rows=35000)
2026-04-10 17:48:56 | INFO     | twitch_enrich | ━━ chunk 8: rows=5000
2026-04-10 17:49:58 | INFO     | twitch_enrich |    wrote chunk 8 (out_rows=40000)
2026-04-10 17:49:58 | INFO     | twitch_enrich | ━━ chunk 9: rows=5000
2026-04-10 17:51:00 | INFO     | twitch_enrich |    wrote chunk 9 (out_rows=45000)
2026-04-10 17:51:00 | INFO     | twitch_enrich | ━━ chunk 10: rows=5000
2026-04-10 17:52:02 | INFO     | twitch_enrich |    wrote chunk 10 (out_rows=50000)
2026-04-10 17:52:02 | INFO     | twitch_enrich | ━━ chunk 11: rows=5000
2026-04-10 17:53:00 | INFO     | twitch_enrich |    wrote chunk 11 (out_rows=55000)
2026-04-10 17:53:00 | INFO     | twitch_enrich | ━━ chunk 12: rows=5000
2026-04-10 17:54:03 | INFO     | twitch_enrich |    wrote chunk 12 (out_rows=60000)
2026-04-10 17:54:03 | INFO     | twitch_enrich | ━━ chunk 13: rows=5000
2026-04-10 17:55:03 | INFO     | twitch_enrich |    wrote chunk 13 (out_rows=65000)
2026-04-10 17:55:03 | INFO     | twitch_enrich | ━━ chunk 14: rows=5000
2026-04-10 17:56:02 | INFO     | twitch_enrich |    wrote chunk 14 (out_rows=70000)
2026-04-10 17:56:02 | INFO     | twitch_enrich | ━━ chunk 15: rows=5000
2026-04-10 17:57:06 | INFO     | twitch_enrich |    wrote chunk 15 (out_rows=75000)
2026-04-10 17:57:06 | INFO     | twitch_enrich | ━━ chunk 16: rows=5000
2026-04-10 17:58:05 | INFO     | twitch_enrich |    wrote chunk 16 (out_rows=80000)
2026-04-10 17:58:05 | INFO     | twitch_enrich | ━━ chunk 17: rows=5000
2026-04-10 17:59:01 | INFO     | twitch_enrich |    wrote chunk 17 (out_rows=85000)
2026-04-10 17:59:01 | INFO     | twitch_enrich | ━━ chunk 18: rows=5000
2026-04-10 18:00:04 | INFO     | twitch_enrich |    wrote chunk 18 (out_rows=90000)
2026-04-10 18:00:04 | INFO     | twitch_enrich | ━━ chunk 19: rows=5000
2026-04-10 18:01:05 | INFO     | twitch_enrich |    wrote chunk 19 (out_rows=95000)
2026-04-10 18:01:05 | INFO     | twitch_enrich | ━━ chunk 20: rows=5000
2026-04-10 18:02:03 | INFO     | twitch_enrich |    wrote chunk 20 (out_rows=100000)
2026-04-10 18:02:03 | INFO     | twitch_enrich | ━━ chunk 21: rows=5000
2026-04-10 18:02:53 | INFO     | twitch_enrich |    wrote chunk 21 (out_rows=105000)
2026-04-10 18:02:53 | INFO     | twitch_enrich | ━━ chunk 22: rows=5000
2026-04-10 18:03:27 | INFO     | twitch_enrich |    wrote chunk 22 (out_rows=110000)
2026-04-10 18:03:27 | INFO     | twitch_enrich | ━━ chunk 23: rows=5000
2026-04-10 18:03:49 | INFO     | twitch_enrich |    wrote chunk 23 (out_rows=115000)
2026-04-10 18:03:49 | INFO     | twitch_enrich | ━━ chunk 24: rows=1592
2026-04-10 18:03:51 | INFO     | twitch_enrich |    wrote chunk 24 (out_rows=116592)
2026-04-10 18:03:51 | INFO     | twitch_enrich | ✅ Enrichment complete: input_rows=116592 output_rows=116592 -> output\twitch_full_panel_enriched.csv
